2021-08-06 13:10:19,486:WARNING:discord.client: PyNaCl is not installed, voice will NOT be supported
2021-08-06 13:10:19,487:DEBUG:discord.client: on_ready has successfully been registered as an event
2021-08-06 13:10:19,487:DEBUG:discord.client: on_guild_join has successfully been registered as an event
2021-08-06 13:10:19,487:DEBUG:discord.client: on_guild_remove has successfully been registered as an event
2021-08-06 13:10:19,488:INFO:discord.client: logging in using static token
2021-08-06 13:10:19,889:DEBUG:discord.http: GET https://discord.com/api/v7/users/@me with None has returned 200
2021-08-06 13:10:19,890:DEBUG:discord.http: GET https://discord.com/api/v7/users/@me has received {'id': '726960642229010512', 'username': 'Zenbot', 'avatar': 'c0287b23763097bb976a04dd300d8182', 'discriminator': '5572', 'public_flags': 0, 'flags': 0, 'bot': True, 'banner': None, 'banner_color': None, 'accent_color': None, 'bio': '', 'locale': 'en-US', 'mfa_enabled': True, 'email': None, 'verified': True}
2021-08-06 13:10:19,918:DEBUG:discord.http: GET https://discord.com/api/v7/gateway with None has returned 200
2021-08-06 13:10:19,918:DEBUG:discord.http: GET https://discord.com/api/v7/gateway has received {'url': 'wss://gateway.discord.gg'}
2021-08-06 13:10:20,399:DEBUG:discord.gateway: Created websocket connected to wss://gateway.discord.gg?encoding=json&v=6&compress=zlib-stream
2021-08-06 13:10:20,400:DEBUG:discord.client: Dispatching event socket_raw_receive
2021-08-06 13:10:20,400:DEBUG:discord.gateway: For Shard ID None: WebSocket Event: {'t': None, 's': None, 'op': 10, 'd': {'heartbeat_interval': 41250, '_trace': ['["gateway-prd-main-wjb4",{"micros":0.0}]']}}
2021-08-06 13:10:20,400:DEBUG:discord.client: Dispatching event socket_response
2021-08-06 13:10:20,400:DEBUG:discord.client: Dispatching event socket_raw_send
2021-08-06 13:10:20,402:DEBUG:discord.client: Dispatching event socket_raw_send
2021-08-06 13:10:20,402:INFO:discord.gateway: Shard ID None has sent the IDENTIFY payload.
2021-08-06 13:10:20,650:DEBUG:discord.client: Dispatching event socket_raw_receive
2021-08-06 13:10:20,651:DEBUG:discord.gateway: For Shard ID None: WebSocket Event: {'t': None, 's': None, 'op': 11, 'd': None}
2021-08-06 13:10:20,651:DEBUG:discord.client: Dispatching event socket_response
2021-08-06 13:10:20,755:DEBUG:discord.client: Dispatching event socket_raw_receive
2021-08-06 13:10:20,755:DEBUG:discord.gateway: For Shard ID None: WebSocket Event: {'t': 'READY', 's': 1, 'op': 0, 'd': {'v': 6, 'user_settings': {}, 'user': {'verified': True, 'username': 'Zenbot', 'mfa_enabled': True, 'id': '726960642229010512', 'flags': 0, 'email': None, 'discriminator': '5572', 'bot': True, 'avatar': 'c0287b23763097bb976a04dd300d8182'}, 'session_id': '75c83e74b93676a22b4d1684bbf84758', 'relationships': [], 'private_channels': [], 'presences': [], 'guilds': [{'unavailable': True, 'id': '330818023071940609'}], 'guild_join_requests': [], 'geo_ordered_rtc_regions': ['sydney', 'singapore', 'japan', 'santiago', 'hongkong'], 'application': {'id': '726960642229010512', 'flags': 262144}, '_trace': ['["gateway-prd-main-wjb4",{"micros":103239,"calls":["discord-sessions-green-prd-2-171",{"micros":102217,"calls":["start_session",{"micros":46541,"calls":["api-prd-main-7j3r",{"micros":41371,"calls":["get_user",{"micros":3777},"add_authorized_ip",{"micros":5942},"get_guilds",{"micros":8918},"coros_wait",{"micros":1}]}]},"guilds_connect",{"micros":2,"calls":[]},"presence_connect",{"micros":34903,"calls":[]}]}]}]']}}
2021-08-06 13:10:20,755:DEBUG:discord.client: Dispatching event socket_response
2021-08-06 13:10:20,755:INFO:discord.gateway: Shard ID None has connected to Gateway: ["gateway-prd-main-wjb4",{"micros":103239,"calls":["discord-sessions-green-prd-2-171",{"micros":102217,"calls":["start_session",{"micros":46541,"calls":["api-prd-main-7j3r",{"micros":41371,"calls":["get_user",{"micros":3777},"add_authorized_ip",{"micros":5942},"get_guilds",{"micros":8918},"coros_wait",{"micros":1}]}]},"guilds_connect",{"micros":2,"calls":[]},"presence_connect",{"micros":34903,"calls":[]}]}]}] (Session ID: 75c83e74b93676a22b4d1684bbf84758).
2021-08-06 13:10:20,779:DEBUG:discord.client: Dispatching event connect
2021-08-06 13:10:20,780:DEBUG:discord.client: Dispatching event socket_raw_receive
2021-08-06 13:10:20,781:DEBUG:discord.gateway: For Shard ID None: WebSocket Event: {'t': 'GUILD_CREATE', 's': 2, 'op': 0, 'd': {'presences': [], 'member_count': 5, 'system_channel_id': '330818023071940609', 'name': 'A Random Discord', 'afk_channel_id': None, 'nsfw_level': 0, 'description': None, 'verification_level': 1, 'stickers': [], 'discovery_splash': None, 'stage_instances': [], 'emojis': [], 'default_message_notifications': 1, 'icon': None, 'banner': None, 'large': False, 'channels': [{'type': 0, 'topic': None, 'rate_limit_per_user': 0, 'position': 1, 'permission_overwrites': [{'type': 'role', 'id': '330818023071940609', 'deny_new': '0', 'deny': 0, 'allow_new': '3072', 'allow': 3072}], 'parent_id': None, 'nsfw': False, 'name': 'general', 'last_message_id': '872944347895705660', 'id': '330818023071940609'}, {'user_limit': 0, 'type': 2, 'rtc_region': None, 'position': 0, 'permission_overwrites': [{'type': 'role', 'id': '330818023071940609', 'deny_new': '0', 'deny': 0, 'allow_new': '0', 'allow': 0}], 'name': 'General', 'id': '330818023071940611', 'bitrate': 64000}, {'type': 0, 'topic': None, 'rate_limit_per_user': 0, 'position': 4, 'permission_overwrites': [{'type': 'role', 'id': '330818023071940609', 'deny_new': '3072', 'deny': 3072, 'allow_new': '0', 'allow': 0}, {'type': 'role', 'id': '387497094300303373', 'deny_new': '0', 'deny': 0, 'allow_new': '0', 'allow': 0}], 'parent_id': None, 'nsfw': False, 'name': 'car', 'last_message_id': '870930281564078092', 'id': '341021963000741898'}, {'type': 0, 'topic': None, 'rate_limit_per_user': 0, 'position': 5, 'permission_overwrites': [{'type': 'role', 'id': '359978351785672704', 'deny_new': '0', 'deny': 0, 'allow_new': '3072', 'allow': 3072}], 'parent_id': None, 'nsfw': False, 'name': 'bot-only', 'last_message_id': '632341592115773440', 'id': '387506440497135618'}, {'type': 4, 'position': 1, 'permission_overwrites': [], 'name': 'Eve', 'id': '392801439824609280'}, {'type': 0, 'topic': None, 'rate_limit_per_user': 0, 'position': 6, 'permission_overwrites': [{'type': 'role', 'id': '387497094300303373', 'deny_new': '0', 'deny': 0, 'allow_new': '0', 'allow': 0}], 'parent_id': '392801439824609280', 'nsfw': False, 'name': 'links', 'last_message_id': '603461799425343508', 'id': '392801506920759296'}, {'type': 4, 'position': 2, 'permission_overwrites': [], 'name': 'DnD', 'id': '439553727637225502'}, {'type': 0, 'topic': None, 'rate_limit_per_user': 0, 'position': 7, 'permission_overwrites': [{'type': 'role', 'id': '330818023071940609', 'deny_new': '805829713', 'deny': 805829713, 'allow_new': '0', 'allow': 0}, {'type': 'role', 'id': '439553934173011970', 'deny_new': '805449745', 'deny': 805449745, 'allow_new': '379968', 'allow': 379968}], 'parent_id': '439553727637225502', 'nsfw': False, 'name': 'dnd', 'last_message_id': '439677321478275073', 'id': '439553773325516823'}, {'type': 4, 'position': 3, 'permission_overwrites': [], 'name': 'Bot Commands', 'id': '699033903993847898'}, {'type': 0, 'topic': None, 'rate_limit_per_user': 0, 'position': 8, 'permission_overwrites': [], 'parent_id': '699033903993847898', 'nsfw': False, 'name': 'bot-commands', 'last_message_id': '762461709314687017', 'id': '699033962491674695'}, {'type': 4, 'position': 4, 'permission_overwrites': [], 'name': 'Bot Testing Grounds', 'id': '726985110611558430'}, {'type': 0, 'topic': None, 'rate_limit_per_user': 0, 'position': 10, 'permission_overwrites': [], 'parent_id': '726985110611558430', 'nsfw': False, 'name': 'zenbot', 'last_message_id': '729596153016090664', 'id': '726985146066272287'}, {'type': 0, 'topic': None, 'rate_limit_per_user': 0, 'position': 11, 'permission_overwrites': [], 'parent_id': '726985110611558430', 'nsfw': False, 'name': 'zenbot_counting', 'last_message_id': '729618553787121664', 'id': '729546121013100574'}, {'type': 0, 'topic': None, 'rate_limit_per_user': 0, 'position': 12, 'permission_overwrites': [], 'parent_id': '726985110611558430', 'nsfw': False, 'name': 'minecraft-link', 'last_message_id': None, 'id': '737197385146695722'}, {'type': 0, 'topic': None, 'rate_limit_per_user': 0, 'position': 2, 'permission_overwrites': [{'type': 'role', 'id': '330818023071940609', 'deny_new': '2048', 'deny': 2048, 'allow_new': '0', 'allow': 0}], 'parent_id': None, 'nsfw': False, 'name': 'rules', 'last_message_id': None, 'id': '743257207373693009'}, {'type': 0, 'topic': None, 'rate_limit_per_user': 0, 'position': 3, 'permission_overwrites': [{'type': 'role', 'id': '330818023071940609', 'deny_new': '1024', 'deny': 1024, 'allow_new': '0', 'allow': 0}], 'parent_id': None, 'nsfw': False, 'name': 'moderator-only', 'last_message_id': '869745273000325180', 'id': '743257207373693010'}, {'type': 0, 'topic': None, 'rate_limit_per_user': 0, 'position': 9, 'permission_overwrites': [], 'parent_id': '699033903993847898', 'nsfw': False, 'name': 'bot-testing', 'last_message_id': None, 'id': '760789341252485170'}, {'type': 4, 'position': 5, 'permission_overwrites': [{'type': 'role', 'id': '330818023071940609', 'deny_new': '1024', 'deny': 1024, 'allow_new': '0', 'allow': 0}], 'name': '<#760789341252485170>', 'id': '760789409003077663'}, {'type': 0, 'topic': None, 'rate_limit_per_user': 0, 'position': 13, 'permission_overwrites': [{'type': 'role', 'id': '330818023071940609', 'deny_new': '1024', 'deny': 1024, 'allow_new': '0', 'allow': 0}], 'parent_id': '760789409003077663', 'nsfw': False, 'name': 'modmail-log', 'last_message_id': None, 'id': '760789409674166302'}, {'user_limit': 0, 'type': 2, 'rtc_region': None, 'position': 1, 'permission_overwrites': [], 'parent_id': '699033903993847898', 'name': 'testing', 'id': '760791327805014026', 'bitrate': 64000}, {'type': 4, 'position': 6, 'permission_overwrites': [], 'name': 'Voice Channels', 'id': '760799999096782869'}, {'user_limit': 0, 'type': 2, 'rtc_region': None, 'position': 2, 'permission_overwrites': [], 'parent_id': '760799999096782869', 'name': 'Join To Create', 'id': '760799999578996736', 'bitrate': 64000}, {'type': 4, 'position': 0, 'permission_overwrites': [{'type': 'role', 'id': '330818023071940609', 'deny_new': '825235473', 'deny': 825235473, 'allow_new': '1024', 'allow': 1024}], 'parent_id': None, 'nsfw': False, 'name': '📊 SERVER STATS 📊', 'id': '762416293823381535'}, {'user_limit': 0, 'type': 2, 'rtc_region': None, 'position': 3, 'permission_overwrites': [{'type': 'role', 'id': '330818023071940609', 'deny_new': '825235473', 'deny': 825235473, 'allow_new': '1024', 'allow': 1024}], 'parent_id': '762416293823381535', 'nsfw': False, 'name': 'All Members: 11', 'id': '762416296990081024', 'bitrate': 64000}, {'user_limit': 0, 'type': 2, 'rtc_region': None, 'position': 4, 'permission_overwrites': [{'type': 'role', 'id': '330818023071940609', 'deny_new': '825235473', 'deny': 825235473, 'allow_new': '1024', 'allow': 1024}], 'parent_id': '762416293823381535', 'nsfw': False, 'name': 'Members: 3', 'id': '762416299510071328', 'bitrate': 64000}, {'user_limit': 0, 'type': 2, 'rtc_region': None, 'position': 5, 'permission_overwrites': [{'type': 'role', 'id': '330818023071940609', 'deny_new': '825235473', 'deny': 825235473, 'allow_new': '1024', 'allow': 1024}], 'parent_id': '762416293823381535', 'nsfw': False, 'name': 'Bots: 8', 'id': '762416302563524618', 'bitrate': 64000}, {'type': 0, 'topic': None, 'rate_limit_per_user': 0, 'position': 0, 'permission_overwrites': [], 'parent_id': None, 'nsfw': False, 'name': 'welcome', 'last_message_id': None, 'id': '870490634870476881'}], 'premium_tier': 0, 'preferred_locale': 'en-US', 'lazy': True, 'members': [{'user': {'username': 'Zenbot', 'id': '726960642229010512', 'discriminator': '5572', 'bot': True, 'avatar': 'c0287b23763097bb976a04dd300d8182'}, 'roles': ['872934537896800338'], 'premium_since': None, 'pending': False, 'nick': None, 'mute': False, 'joined_at': '2021-08-05T20:10:12.257470+00:00', 'is_pending': False, 'hoisted_role': None, 'deaf': False, 'avatar': None}], 'afk_timeout': 300, 'mfa_level': 0, 'public_updates_channel_id': '743257207373693010', 'guild_hashes': {'version': 1, 'roles': {'omitted': False, 'hash': 'DwKV/7OFNRk'}, 'metadata': {'omitted': False, 'hash': 'yR8GBJzLuNg'}, 'channels': {'omitted': False, 'hash': '0dLscCxUc8s'}}, 'system_channel_flags': 0, 'roles': [{'position': 0, 'permissions_new': '247064813121', 'permissions': 104193601, 'name': '@everyone', 'mentionable': False, 'managed': False, 'id': '330818023071940609', 'hoist': False, 'color': 0}, {'position': 10, 'permissions_new': '8589410047', 'permissions': 2146959103, 'name': 'Bots', 'mentionable': True, 'managed': False, 'id': '359978351785672704', 'hoist': True, 'color': 0}, {'position': 11, 'permissions_new': '8589410047', 'permissions': 2146959103, 'name': 'Admin', 'mentionable': False, 'managed': False, 'id': '387497094300303373', 'hoist': True, 'color': 16711824}, {'position': 6, 'permissions_new': '6546775617', 'permissions': 104324673, 'name': 'Officer', 'mentionable': False, 'managed': False, 'id': '397938498629402624', 'hoist': True, 'color': 3066993}, {'position': 5, 'permissions_new': '6546775617', 'permissions': 104324673, 'name': 'Test Role', 'mentionable': False, 'managed': False, 'id': '403066031402254347', 'hoist': True, 'color': 15844367}, {'position': 4, 'permissions_new': '6546775617', 'permissions': 104324673, 'name': 'DnD Members', 'mentionable': False, 'managed': False, 'id': '439553934173011970', 'hoist': False, 'color': 0}, {'position': 3, 'permissions_new': '6546775617', 'permissions': 104324673, 'name': 'new role', 'mentionable': False, 'managed': False, 'id': '461076904632647691', 'hoist': False, 'color': 0}, {'tags': {'bot_id': '204255221017214977'}, 'position': 9, 'permissions_new': '8589278719', 'permissions': 2146827775, 'name': 'YAGPDB.xyz', 'mentionable': False, 'managed': True, 'id': '699032956651700364', 'hoist': False, 'color': 0}, {'position': 1, 'permissions_new': '6442450944', 'permissions': 0, 'name': 'IN VC', 'mentionable': False, 'managed': False, 'id': '760790563535716383', 'hoist': False, 'color': 0}, {'tags': {'bot_id': '726960642229010512'}, 'position': 1, 'permissions_new': '8', 'permissions': 8, 'name': 'ZenBot', 'mentionable': False, 'managed': True, 'id': '872934537896800338', 'hoist': False, 'color': 0}], 'max_members': 100000, 'application_id': None, 'threads': [], 'splash': None, 'voice_states': [], 'rules_channel_id': '743257207373693009', 'id': '330818023071940609', 'explicit_content_filter': 2, 'owner_id': '163890141834772480', 'unavailable': False, 'vanity_url_code': None, 'application_command_count': 51, 'region': 'sydney', 'max_video_channel_users': 25, 'nsfw': False, 'premium_subscription_count': 0, 'features': ['NEWS', 'COMMUNITY', 'THREADS_ENABLED'], 'joined_at': '2021-08-05T20:10:12.257470+00:00', 'application_command_counts': {'3': 0, '2': 0, '1': 51}}}
2021-08-06 13:10:20,781:DEBUG:discord.client: Dispatching event socket_response
2021-08-06 13:10:20,782:DEBUG:discord.client: Dispatching event guild_available
2021-08-06 13:10:22,793:DEBUG:discord.client: Dispatching event ready
2021-08-06 13:10:22,802:DEBUG:discord.gateway: Sending "{"op":3,"d":{"game":{"type":0,"name":"Running","timestamps":{}},"afk":false,"since":0.0,"status":"online"}}" to change status
2021-08-06 13:10:22,802:DEBUG:discord.client: Dispatching event socket_raw_send
2021-08-06 13:11:01,654:DEBUG:discord.gateway: Keeping shard ID None websocket alive with sequence 2.
2021-08-06 13:11:01,977:DEBUG:discord.client: Dispatching event socket_raw_receive
2021-08-06 13:11:01,977:DEBUG:discord.gateway: For Shard ID None: WebSocket Event: {'t': None, 's': None, 'op': 11, 'd': None}
2021-08-06 13:11:01,977:DEBUG:discord.client: Dispatching event socket_response
2021-08-06 13:11:42,912:DEBUG:discord.gateway: Keeping shard ID None websocket alive with sequence 2.
2021-08-06 13:11:43,163:DEBUG:discord.client: Dispatching event socket_raw_receive
2021-08-06 13:11:43,163:DEBUG:discord.gateway: For Shard ID None: WebSocket Event: {'t': None, 's': None, 'op': 11, 'd': None}
2021-08-06 13:11:43,163:DEBUG:discord.client: Dispatching event socket_response
2021-08-06 13:12:24,175:DEBUG:discord.gateway: Keeping shard ID None websocket alive with sequence 2.
2021-08-06 13:12:24,425:DEBUG:discord.client: Dispatching event socket_raw_receive
2021-08-06 13:12:24,426:DEBUG:discord.gateway: For Shard ID None: WebSocket Event: {'t': None, 's': None, 'op': 11, 'd': None}
2021-08-06 13:12:24,426:DEBUG:discord.client: Dispatching event socket_response
2021-08-06 13:13:05,437:DEBUG:discord.gateway: Keeping shard ID None websocket alive with sequence 2.
2021-08-06 13:13:05,689:DEBUG:discord.client: Dispatching event socket_raw_receive
2021-08-06 13:13:05,689:DEBUG:discord.gateway: For Shard ID None: WebSocket Event: {'t': None, 's': None, 'op': 11, 'd': None}
2021-08-06 13:13:05,689:DEBUG:discord.client: Dispatching event socket_response
2021-08-06 13:13:46,698:DEBUG:discord.gateway: Keeping shard ID None websocket alive with sequence 2.
2021-08-06 13:13:46,956:DEBUG:discord.client: Dispatching event socket_raw_receive
2021-08-06 13:13:46,956:DEBUG:discord.gateway: For Shard ID None: WebSocket Event: {'t': None, 's': None, 'op': 11, 'd': None}
2021-08-06 13:13:46,956:DEBUG:discord.client: Dispatching event socket_response
2021-08-06 13:14:27,957:DEBUG:discord.gateway: Keeping shard ID None websocket alive with sequence 2.
2021-08-06 13:14:28,207:DEBUG:discord.client: Dispatching event socket_raw_receive
2021-08-06 13:14:28,207:DEBUG:discord.gateway: For Shard ID None: WebSocket Event: {'t': None, 's': None, 'op': 11, 'd': None}
2021-08-06 13:14:28,207:DEBUG:discord.client: Dispatching event socket_response
2021-08-06 13:15:09,215:DEBUG:discord.gateway: Keeping shard ID None websocket alive with sequence 2.
2021-08-06 13:15:09,466:DEBUG:discord.client: Dispatching event socket_raw_receive
2021-08-06 13:15:09,467:DEBUG:discord.gateway: For Shard ID None: WebSocket Event: {'t': None, 's': None, 'op': 11, 'd': None}
2021-08-06 13:15:09,467:DEBUG:discord.client: Dispatching event socket_response
2021-08-06 13:15:50,477:DEBUG:discord.gateway: Keeping shard ID None websocket alive with sequence 2.
2021-08-06 13:15:50,738:DEBUG:discord.client: Dispatching event socket_raw_receive
2021-08-06 13:15:50,738:DEBUG:discord.gateway: For Shard ID None: WebSocket Event: {'t': None, 's': None, 'op': 11, 'd': None}
2021-08-06 13:15:50,738:DEBUG:discord.client: Dispatching event socket_response
2021-08-06 13:16:31,742:DEBUG:discord.gateway: Keeping shard ID None websocket alive with sequence 2.
2021-08-06 13:16:31,993:DEBUG:discord.client: Dispatching event socket_raw_receive
2021-08-06 13:16:31,993:DEBUG:discord.gateway: For Shard ID None: WebSocket Event: {'t': None, 's': None, 'op': 11, 'd': None}
2021-08-06 13:16:31,993:DEBUG:discord.client: Dispatching event socket_response
2021-08-06 13:17:12,994:DEBUG:discord.gateway: Keeping shard ID None websocket alive with sequence 2.
2021-08-06 13:17:13,244:DEBUG:discord.client: Dispatching event socket_raw_receive
2021-08-06 13:17:13,244:DEBUG:discord.gateway: For Shard ID None: WebSocket Event: {'t': None, 's': None, 'op': 11, 'd': None}
2021-08-06 13:17:13,244:DEBUG:discord.client: Dispatching event socket_response
2021-08-06 13:17:54,251:DEBUG:discord.gateway: Keeping shard ID None websocket alive with sequence 2.
2021-08-06 13:17:54,503:DEBUG:discord.client: Dispatching event socket_raw_receive
2021-08-06 13:17:54,504:DEBUG:discord.gateway: For Shard ID None: WebSocket Event: {'t': None, 's': None, 'op': 11, 'd': None}
2021-08-06 13:17:54,504:DEBUG:discord.client: Dispatching event socket_response
2021-08-06 13:18:35,516:DEBUG:discord.gateway: Keeping shard ID None websocket alive with sequence 2.
2021-08-06 13:18:35,772:DEBUG:discord.client: Dispatching event socket_raw_receive
2021-08-06 13:18:35,773:DEBUG:discord.gateway: For Shard ID None: WebSocket Event: {'t': None, 's': None, 'op': 11, 'd': None}
2021-08-06 13:18:35,773:DEBUG:discord.client: Dispatching event socket_response
2021-08-06 13:19:16,783:DEBUG:discord.gateway: Keeping shard ID None websocket alive with sequence 2.
2021-08-06 13:19:17,119:DEBUG:discord.client: Dispatching event socket_raw_receive
2021-08-06 13:19:17,119:DEBUG:discord.gateway: For Shard ID None: WebSocket Event: {'t': None, 's': None, 'op': 11, 'd': None}
2021-08-06 13:19:17,120:DEBUG:discord.client: Dispatching event socket_response
2021-08-06 13:19:58,036:DEBUG:discord.gateway: Keeping shard ID None websocket alive with sequence 2.
2021-08-06 13:19:58,386:DEBUG:discord.client: Dispatching event socket_raw_receive
2021-08-06 13:19:58,387:DEBUG:discord.gateway: For Shard ID None: WebSocket Event: {'t': None, 's': None, 'op': 11, 'd': None}
2021-08-06 13:19:58,387:DEBUG:discord.client: Dispatching event socket_response
2021-08-06 13:20:39,292:DEBUG:discord.gateway: Keeping shard ID None websocket alive with sequence 2.
2021-08-06 13:20:39,559:DEBUG:discord.client: Dispatching event socket_raw_receive
2021-08-06 13:20:39,560:DEBUG:discord.gateway: For Shard ID None: WebSocket Event: {'t': None, 's': None, 'op': 11, 'd': None}
2021-08-06 13:20:39,560:DEBUG:discord.client: Dispatching event socket_response
2021-08-06 13:21:20,549:DEBUG:discord.gateway: Keeping shard ID None websocket alive with sequence 2.
2021-08-06 13:21:20,814:DEBUG:discord.client: Dispatching event socket_raw_receive
2021-08-06 13:21:20,814:DEBUG:discord.gateway: For Shard ID None: WebSocket Event: {'t': None, 's': None, 'op': 11, 'd': None}
2021-08-06 13:21:20,814:DEBUG:discord.client: Dispatching event socket_response
2021-08-06 13:22:01,813:DEBUG:discord.gateway: Keeping shard ID None websocket alive with sequence 2.
2021-08-06 13:22:02,064:DEBUG:discord.client: Dispatching event socket_raw_receive
2021-08-06 13:22:02,064:DEBUG:discord.gateway: For Shard ID None: WebSocket Event: {'t': None, 's': None, 'op': 11, 'd': None}
2021-08-06 13:22:02,064:DEBUG:discord.client: Dispatching event socket_response
2021-08-06 13:22:43,074:DEBUG:discord.gateway: Keeping shard ID None websocket alive with sequence 2.
2021-08-06 13:22:43,369:DEBUG:discord.client: Dispatching event socket_raw_receive
2021-08-06 13:22:43,370:DEBUG:discord.gateway: For Shard ID None: WebSocket Event: {'t': None, 's': None, 'op': 11, 'd': None}
2021-08-06 13:22:43,370:DEBUG:discord.client: Dispatching event socket_response
2021-08-06 13:23:24,340:DEBUG:discord.gateway: Keeping shard ID None websocket alive with sequence 2.
2021-08-06 13:23:24,638:DEBUG:discord.client: Dispatching event socket_raw_receive
2021-08-06 13:23:24,638:DEBUG:discord.gateway: For Shard ID None: WebSocket Event: {'t': None, 's': None, 'op': 11, 'd': None}
2021-08-06 13:23:24,638:DEBUG:discord.client: Dispatching event socket_response
2021-08-06 13:24:05,598:DEBUG:discord.gateway: Keeping shard ID None websocket alive with sequence 2.
2021-08-06 13:24:05,911:DEBUG:discord.client: Dispatching event socket_raw_receive
2021-08-06 13:24:05,911:DEBUG:discord.gateway: For Shard ID None: WebSocket Event: {'t': None, 's': None, 'op': 11, 'd': None}
2021-08-06 13:24:05,911:DEBUG:discord.client: Dispatching event socket_response
2021-08-06 13:24:46,853:DEBUG:discord.gateway: Keeping shard ID None websocket alive with sequence 2.
2021-08-06 13:24:47,178:DEBUG:discord.client: Dispatching event socket_raw_receive
2021-08-06 13:24:47,178:DEBUG:discord.gateway: For Shard ID None: WebSocket Event: {'t': None, 's': None, 'op': 11, 'd': None}
2021-08-06 13:24:47,179:DEBUG:discord.client: Dispatching event socket_response
2021-08-06 13:25:28,105:DEBUG:discord.gateway: Keeping shard ID None websocket alive with sequence 2.
2021-08-06 13:25:28,359:DEBUG:discord.client: Dispatching event socket_raw_receive
2021-08-06 13:25:28,360:DEBUG:discord.gateway: For Shard ID None: WebSocket Event: {'t': None, 's': None, 'op': 11, 'd': None}
2021-08-06 13:25:28,360:DEBUG:discord.client: Dispatching event socket_response
2021-08-06 13:26:09,373:DEBUG:discord.gateway: Keeping shard ID None websocket alive with sequence 2.
2021-08-06 13:26:09,625:DEBUG:discord.client: Dispatching event socket_raw_receive
2021-08-06 13:26:09,625:DEBUG:discord.gateway: For Shard ID None: WebSocket Event: {'t': None, 's': None, 'op': 11, 'd': None}
2021-08-06 13:26:09,625:DEBUG:discord.client: Dispatching event socket_response
2021-08-06 13:26:50,625:DEBUG:discord.gateway: Keeping shard ID None websocket alive with sequence 2.
2021-08-06 13:26:50,987:DEBUG:discord.client: Dispatching event socket_raw_receive
2021-08-06 13:26:50,988:DEBUG:discord.gateway: For Shard ID None: WebSocket Event: {'t': None, 's': None, 'op': 11, 'd': None}
2021-08-06 13:26:50,988:DEBUG:discord.client: Dispatching event socket_response
2021-08-06 13:27:31,881:DEBUG:discord.gateway: Keeping shard ID None websocket alive with sequence 2.
2021-08-06 13:27:32,155:DEBUG:discord.client: Dispatching event socket_raw_receive
2021-08-06 13:27:32,156:DEBUG:discord.gateway: For Shard ID None: WebSocket Event: {'t': None, 's': None, 'op': 11, 'd': None}
2021-08-06 13:27:32,156:DEBUG:discord.client: Dispatching event socket_response
2021-08-06 13:28:13,145:DEBUG:discord.gateway: Keeping shard ID None websocket alive with sequence 2.
2021-08-06 13:28:13,396:DEBUG:discord.client: Dispatching event socket_raw_receive
2021-08-06 13:28:13,396:DEBUG:discord.gateway: For Shard ID None: WebSocket Event: {'t': None, 's': None, 'op': 11, 'd': None}
2021-08-06 13:28:13,396:DEBUG:discord.client: Dispatching event socket_response
2021-08-06 13:28:54,412:DEBUG:discord.gateway: Keeping shard ID None websocket alive with sequence 2.
2021-08-06 13:28:54,696:DEBUG:discord.client: Dispatching event socket_raw_receive
2021-08-06 13:28:54,697:DEBUG:discord.gateway: For Shard ID None: WebSocket Event: {'t': None, 's': None, 'op': 11, 'd': None}
2021-08-06 13:28:54,697:DEBUG:discord.client: Dispatching event socket_response
2021-08-06 13:29:35,677:DEBUG:discord.gateway: Keeping shard ID None websocket alive with sequence 2.
2021-08-06 13:29:35,932:DEBUG:discord.client: Dispatching event socket_raw_receive
2021-08-06 13:29:35,932:DEBUG:discord.gateway: For Shard ID None: WebSocket Event: {'t': None, 's': None, 'op': 11, 'd': None}
2021-08-06 13:29:35,932:DEBUG:discord.client: Dispatching event socket_response
2021-08-06 13:30:16,932:DEBUG:discord.gateway: Keeping shard ID None websocket alive with sequence 2.
2021-08-06 13:30:17,194:DEBUG:discord.client: Dispatching event socket_raw_receive
2021-08-06 13:30:17,195:DEBUG:discord.gateway: For Shard ID None: WebSocket Event: {'t': None, 's': None, 'op': 11, 'd': None}
2021-08-06 13:30:17,195:DEBUG:discord.client: Dispatching event socket_response
2021-08-06 13:30:58,191:DEBUG:discord.gateway: Keeping shard ID None websocket alive with sequence 2.
2021-08-06 13:30:58,447:DEBUG:discord.client: Dispatching event socket_raw_receive
2021-08-06 13:30:58,448:DEBUG:discord.gateway: For Shard ID None: WebSocket Event: {'t': None, 's': None, 'op': 11, 'd': None}
2021-08-06 13:30:58,448:DEBUG:discord.client: Dispatching event socket_response
2021-08-06 13:31:39,449:DEBUG:discord.gateway: Keeping shard ID None websocket alive with sequence 2.
2021-08-06 13:31:39,698:DEBUG:discord.client: Dispatching event socket_raw_receive
2021-08-06 13:31:39,699:DEBUG:discord.gateway: For Shard ID None: WebSocket Event: {'t': None, 's': None, 'op': 11, 'd': None}
2021-08-06 13:31:39,699:DEBUG:discord.client: Dispatching event socket_response
2021-08-06 13:32:20,704:DEBUG:discord.gateway: Keeping shard ID None websocket alive with sequence 2.
2021-08-06 13:32:20,955:DEBUG:discord.client: Dispatching event socket_raw_receive
2021-08-06 13:32:20,955:DEBUG:discord.gateway: For Shard ID None: WebSocket Event: {'t': None, 's': None, 'op': 11, 'd': None}
2021-08-06 13:32:20,956:DEBUG:discord.client: Dispatching event socket_response
2021-08-06 13:33:01,961:DEBUG:discord.gateway: Keeping shard ID None websocket alive with sequence 2.
2021-08-06 13:33:02,316:DEBUG:discord.client: Dispatching event socket_raw_receive
2021-08-06 13:33:02,316:DEBUG:discord.gateway: For Shard ID None: WebSocket Event: {'t': None, 's': None, 'op': 11, 'd': None}
2021-08-06 13:33:02,316:DEBUG:discord.client: Dispatching event socket_response
2021-08-06 13:33:43,221:DEBUG:discord.gateway: Keeping shard ID None websocket alive with sequence 2.
2021-08-06 13:33:43,502:DEBUG:discord.client: Dispatching event socket_raw_receive
2021-08-06 13:33:43,503:DEBUG:discord.gateway: For Shard ID None: WebSocket Event: {'t': None, 's': None, 'op': 11, 'd': None}
2021-08-06 13:33:43,503:DEBUG:discord.client: Dispatching event socket_response
2021-08-06 13:34:24,477:DEBUG:discord.gateway: Keeping shard ID None websocket alive with sequence 2.
2021-08-06 13:34:24,856:DEBUG:discord.client: Dispatching event socket_raw_receive
2021-08-06 13:34:24,856:DEBUG:discord.gateway: For Shard ID None: WebSocket Event: {'t': None, 's': None, 'op': 11, 'd': None}
2021-08-06 13:34:24,856:DEBUG:discord.client: Dispatching event socket_response
2021-08-06 13:35:05,731:DEBUG:discord.gateway: Keeping shard ID None websocket alive with sequence 2.
2021-08-06 13:35:06,046:DEBUG:discord.client: Dispatching event socket_raw_receive
2021-08-06 13:35:06,046:DEBUG:discord.gateway: For Shard ID None: WebSocket Event: {'t': None, 's': None, 'op': 11, 'd': None}
2021-08-06 13:35:06,046:DEBUG:discord.client: Dispatching event socket_response
2021-08-06 13:35:46,984:DEBUG:discord.gateway: Keeping shard ID None websocket alive with sequence 2.
2021-08-06 13:35:47,282:DEBUG:discord.client: Dispatching event socket_raw_receive
2021-08-06 13:35:47,283:DEBUG:discord.gateway: For Shard ID None: WebSocket Event: {'t': None, 's': None, 'op': 11, 'd': None}
2021-08-06 13:35:47,283:DEBUG:discord.client: Dispatching event socket_response
2021-08-06 13:36:28,250:DEBUG:discord.gateway: Keeping shard ID None websocket alive with sequence 2.
2021-08-06 13:36:29,082:DEBUG:discord.client: Dispatching event socket_raw_receive
2021-08-06 13:36:29,082:DEBUG:discord.gateway: For Shard ID None: WebSocket Event: {'t': None, 's': None, 'op': 11, 'd': None}
2021-08-06 13:36:29,082:DEBUG:discord.client: Dispatching event socket_response
2021-08-06 13:37:09,516:DEBUG:discord.gateway: Keeping shard ID None websocket alive with sequence 2.
2021-08-06 13:37:09,823:DEBUG:discord.client: Dispatching event socket_raw_receive
2021-08-06 13:37:09,824:DEBUG:discord.gateway: For Shard ID None: WebSocket Event: {'t': None, 's': None, 'op': 11, 'd': None}
2021-08-06 13:37:09,824:DEBUG:discord.client: Dispatching event socket_response
2021-08-06 13:37:50,777:DEBUG:discord.gateway: Keeping shard ID None websocket alive with sequence 2.
2021-08-06 13:37:51,068:DEBUG:discord.client: Dispatching event socket_raw_receive
2021-08-06 13:37:51,068:DEBUG:discord.gateway: For Shard ID None: WebSocket Event: {'t': None, 's': None, 'op': 11, 'd': None}
2021-08-06 13:37:51,068:DEBUG:discord.client: Dispatching event socket_response
2021-08-06 13:38:32,030:DEBUG:discord.gateway: Keeping shard ID None websocket alive with sequence 2.
2021-08-06 13:38:32,297:DEBUG:discord.client: Dispatching event socket_raw_receive
2021-08-06 13:38:32,297:DEBUG:discord.gateway: For Shard ID None: WebSocket Event: {'t': None, 's': None, 'op': 11, 'd': None}
2021-08-06 13:38:32,298:DEBUG:discord.client: Dispatching event socket_response
2021-08-06 13:39:13,291:DEBUG:discord.gateway: Keeping shard ID None websocket alive with sequence 2.
2021-08-06 13:39:13,646:DEBUG:discord.client: Dispatching event socket_raw_receive
2021-08-06 13:39:13,647:DEBUG:discord.gateway: For Shard ID None: WebSocket Event: {'t': None, 's': None, 'op': 11, 'd': None}
2021-08-06 13:39:13,647:DEBUG:discord.client: Dispatching event socket_response
