2021-08-09 09:43:36,539:WARNING:discord.client: PyNaCl is not installed, voice will NOT be supported
2021-08-09 09:43:36,539:DEBUG:discord.client: on_ready has successfully been registered as an event
2021-08-09 09:43:36,540:DEBUG:discord.client: on_guild_join has successfully been registered as an event
2021-08-09 09:43:36,540:DEBUG:discord.client: on_guild_remove has successfully been registered as an event
2021-08-09 09:43:36,540:INFO:discord.client: logging in using static token
2021-08-09 09:43:36,950:DEBUG:discord.http: GET https://discord.com/api/v7/users/@me with None has returned 200
2021-08-09 09:43:36,950:DEBUG:discord.http: GET https://discord.com/api/v7/users/@me has received {'id': '726960642229010512', 'username': 'Zenbot', 'avatar': 'c0287b23763097bb976a04dd300d8182', 'discriminator': '5572', 'public_flags': 0, 'flags': 0, 'bot': True, 'banner': None, 'banner_color': None, 'accent_color': None, 'bio': '', 'locale': 'en-US', 'mfa_enabled': True, 'email': None, 'verified': True}
2021-08-09 09:43:36,976:DEBUG:discord.http: GET https://discord.com/api/v7/gateway with None has returned 200
2021-08-09 09:43:36,977:DEBUG:discord.http: GET https://discord.com/api/v7/gateway has received {'url': 'wss://gateway.discord.gg'}
2021-08-09 09:43:37,361:DEBUG:discord.gateway: Created websocket connected to wss://gateway.discord.gg?encoding=json&v=6&compress=zlib-stream
2021-08-09 09:43:37,362:DEBUG:discord.client: Dispatching event socket_raw_receive
2021-08-09 09:43:37,362:DEBUG:discord.gateway: For Shard ID None: WebSocket Event: {'t': None, 's': None, 'op': 10, 'd': {'heartbeat_interval': 41250, '_trace': ['["gateway-prd-main-62cv",{"micros":0.0}]']}}
2021-08-09 09:43:37,362:DEBUG:discord.client: Dispatching event socket_response
2021-08-09 09:43:37,363:DEBUG:discord.client: Dispatching event socket_raw_send
2021-08-09 09:43:37,365:DEBUG:discord.client: Dispatching event socket_raw_send
2021-08-09 09:43:37,365:INFO:discord.gateway: Shard ID None has sent the IDENTIFY payload.
2021-08-09 09:43:37,682:DEBUG:discord.client: Dispatching event socket_raw_receive
2021-08-09 09:43:37,682:DEBUG:discord.gateway: For Shard ID None: WebSocket Event: {'t': None, 's': None, 'op': 11, 'd': None}
2021-08-09 09:43:37,682:DEBUG:discord.client: Dispatching event socket_response
2021-08-09 09:43:37,683:DEBUG:discord.client: Dispatching event socket_raw_receive
2021-08-09 09:43:37,683:DEBUG:discord.gateway: For Shard ID None: WebSocket Event: {'t': 'READY', 's': 1, 'op': 0, 'd': {'v': 6, 'user_settings': {}, 'user': {'verified': True, 'username': 'Zenbot', 'mfa_enabled': True, 'id': '726960642229010512', 'flags': 0, 'email': None, 'discriminator': '5572', 'bot': True, 'avatar': 'c0287b23763097bb976a04dd300d8182'}, 'session_id': '3393b19fb2a9561a68c01dcb3db9c744', 'relationships': [], 'private_channels': [], 'presences': [], 'guilds': [{'unavailable': True, 'id': '330818023071940609'}], 'guild_join_requests': [], 'geo_ordered_rtc_regions': ['sydney', 'singapore', 'japan', 'santiago', 'hongkong'], 'application': {'id': '726960642229010512', 'flags': 262144}, '_trace': ['["gateway-prd-main-62cv",{"micros":54530,"calls":["discord-sessions-green-prd-2-65",{"micros":53500,"calls":["start_session",{"micros":39927,"calls":["api-prd-main-2hdz",{"micros":36164,"calls":["get_user",{"micros":2974},"add_authorized_ip",{"micros":5689},"get_guilds",{"micros":7261},"coros_wait",{"micros":1}]}]},"guilds_connect",{"micros":1,"calls":[]},"presence_connect",{"micros":12990,"calls":[]}]}]}]']}}
2021-08-09 09:43:37,683:DEBUG:discord.client: Dispatching event socket_response
2021-08-09 09:43:37,683:INFO:discord.gateway: Shard ID None has connected to Gateway: ["gateway-prd-main-62cv",{"micros":54530,"calls":["discord-sessions-green-prd-2-65",{"micros":53500,"calls":["start_session",{"micros":39927,"calls":["api-prd-main-2hdz",{"micros":36164,"calls":["get_user",{"micros":2974},"add_authorized_ip",{"micros":5689},"get_guilds",{"micros":7261},"coros_wait",{"micros":1}]}]},"guilds_connect",{"micros":1,"calls":[]},"presence_connect",{"micros":12990,"calls":[]}]}]}] (Session ID: 3393b19fb2a9561a68c01dcb3db9c744).
2021-08-09 09:43:37,707:DEBUG:discord.client: Dispatching event connect
2021-08-09 09:43:37,707:DEBUG:discord.client: Dispatching event socket_raw_receive
2021-08-09 09:43:37,708:DEBUG:discord.gateway: For Shard ID None: WebSocket Event: {'t': 'GUILD_CREATE', 's': 2, 'op': 0, 'd': {'premium_tier': 0, 'icon': None, 'name': 'A Random Discord', 'voice_states': [], 'region': 'sydney', 'description': None, 'system_channel_id': '330818023071940609', 'premium_subscription_count': 0, 'owner_id': '163890141834772480', 'system_channel_flags': 0, 'application_id': None, 'members': [{'user': {'username': 'Zenbot', 'id': '726960642229010512', 'discriminator': '5572', 'bot': True, 'avatar': 'c0287b23763097bb976a04dd300d8182'}, 'roles': ['872934537896800338'], 'premium_since': None, 'pending': False, 'nick': None, 'mute': False, 'joined_at': '2021-08-05T20:10:12.257470+00:00', 'is_pending': False, 'hoisted_role': None, 'deaf': False, 'avatar': None}], 'stage_instances': [], 'nsfw_level': 0, 'features': ['NEWS', 'COMMUNITY', 'THREADS_ENABLED'], 'vanity_url_code': None, 'unavailable': False, 'application_command_counts': {'3': 0, '2': 0, '1': 51}, 'rules_channel_id': '743257207373693009', 'banner': None, 'verification_level': 1, 'afk_timeout': 300, 'lazy': True, 'afk_channel_id': None, 'splash': None, 'threads': [], 'explicit_content_filter': 2, 'roles': [{'position': 0, 'permissions_new': '247064813121', 'permissions': 104193601, 'name': '@everyone', 'mentionable': False, 'managed': False, 'id': '330818023071940609', 'hoist': False, 'color': 0}, {'position': 10, 'permissions_new': '8589410047', 'permissions': 2146959103, 'name': 'Bots', 'mentionable': True, 'managed': False, 'id': '359978351785672704', 'hoist': True, 'color': 0}, {'position': 11, 'permissions_new': '8589410047', 'permissions': 2146959103, 'name': 'Admin', 'mentionable': False, 'managed': False, 'id': '387497094300303373', 'hoist': True, 'color': 16711824}, {'position': 6, 'permissions_new': '6546775617', 'permissions': 104324673, 'name': 'Officer', 'mentionable': False, 'managed': False, 'id': '397938498629402624', 'hoist': True, 'color': 3066993}, {'position': 5, 'permissions_new': '6546775617', 'permissions': 104324673, 'name': 'Test Role', 'mentionable': False, 'managed': False, 'id': '403066031402254347', 'hoist': True, 'color': 15844367}, {'position': 4, 'permissions_new': '6546775617', 'permissions': 104324673, 'name': 'DnD Members', 'mentionable': False, 'managed': False, 'id': '439553934173011970', 'hoist': False, 'color': 0}, {'position': 3, 'permissions_new': '6546775617', 'permissions': 104324673, 'name': 'new role', 'mentionable': False, 'managed': False, 'id': '461076904632647691', 'hoist': False, 'color': 0}, {'tags': {'bot_id': '204255221017214977'}, 'position': 9, 'permissions_new': '8589278719', 'permissions': 2146827775, 'name': 'YAGPDB.xyz', 'mentionable': False, 'managed': True, 'id': '699032956651700364', 'hoist': False, 'color': 0}, {'position': 1, 'permissions_new': '6442450944', 'permissions': 0, 'name': 'IN VC', 'mentionable': False, 'managed': False, 'id': '760790563535716383', 'hoist': False, 'color': 0}, {'tags': {'bot_id': '726960642229010512'}, 'position': 1, 'permissions_new': '8', 'permissions': 8, 'name': 'ZenBot', 'mentionable': False, 'managed': True, 'id': '872934537896800338', 'hoist': False, 'color': 0}], 'nsfw': False, 'preferred_locale': 'en-US', 'discovery_splash': None, 'id': '330818023071940609', 'guild_hashes': {'version': 1, 'roles': {'omitted': False, 'hash': 'DwKV/7OFNRk'}, 'metadata': {'omitted': False, 'hash': 'yR8GBJzLuNg'}, 'channels': {'omitted': False, 'hash': '0dLscCxUc8s'}}, 'stickers': [], 'emojis': [], 'max_video_channel_users': 25, 'channels': [{'type': 0, 'topic': None, 'rate_limit_per_user': 0, 'position': 1, 'permission_overwrites': [{'type': 'role', 'id': '330818023071940609', 'deny_new': '0', 'deny': 0, 'allow_new': '3072', 'allow': 3072}], 'parent_id': None, 'nsfw': False, 'name': 'general', 'last_message_id': '873034493429186592', 'id': '330818023071940609'}, {'user_limit': 0, 'type': 2, 'rtc_region': None, 'position': 0, 'permission_overwrites': [{'type': 'role', 'id': '330818023071940609', 'deny_new': '0', 'deny': 0, 'allow_new': '0', 'allow': 0}], 'name': 'General', 'id': '330818023071940611', 'bitrate': 64000}, {'type': 0, 'topic': None, 'rate_limit_per_user': 0, 'position': 4, 'permission_overwrites': [{'type': 'role', 'id': '330818023071940609', 'deny_new': '3072', 'deny': 3072, 'allow_new': '0', 'allow': 0}, {'type': 'role', 'id': '387497094300303373', 'deny_new': '0', 'deny': 0, 'allow_new': '0', 'allow': 0}], 'parent_id': None, 'nsfw': False, 'name': 'car', 'last_message_id': '870930281564078092', 'id': '341021963000741898'}, {'type': 0, 'topic': None, 'rate_limit_per_user': 0, 'position': 5, 'permission_overwrites': [{'type': 'role', 'id': '359978351785672704', 'deny_new': '0', 'deny': 0, 'allow_new': '3072', 'allow': 3072}], 'parent_id': None, 'nsfw': False, 'name': 'bot-only', 'last_message_id': '632341592115773440', 'id': '387506440497135618'}, {'type': 4, 'position': 1, 'permission_overwrites': [], 'name': 'Eve', 'id': '392801439824609280'}, {'type': 0, 'topic': None, 'rate_limit_per_user': 0, 'position': 6, 'permission_overwrites': [{'type': 'role', 'id': '387497094300303373', 'deny_new': '0', 'deny': 0, 'allow_new': '0', 'allow': 0}], 'parent_id': '392801439824609280', 'nsfw': False, 'name': 'links', 'last_message_id': '603461799425343508', 'id': '392801506920759296'}, {'type': 4, 'position': 2, 'permission_overwrites': [], 'name': 'DnD', 'id': '439553727637225502'}, {'type': 0, 'topic': None, 'rate_limit_per_user': 0, 'position': 7, 'permission_overwrites': [{'type': 'role', 'id': '330818023071940609', 'deny_new': '805829713', 'deny': 805829713, 'allow_new': '0', 'allow': 0}, {'type': 'role', 'id': '439553934173011970', 'deny_new': '805449745', 'deny': 805449745, 'allow_new': '379968', 'allow': 379968}], 'parent_id': '439553727637225502', 'nsfw': False, 'name': 'dnd', 'last_message_id': '439677321478275073', 'id': '439553773325516823'}, {'type': 4, 'position': 3, 'permission_overwrites': [], 'name': 'Bot Commands', 'id': '699033903993847898'}, {'type': 0, 'topic': None, 'rate_limit_per_user': 0, 'position': 8, 'permission_overwrites': [], 'parent_id': '699033903993847898', 'nsfw': False, 'name': 'bot-commands', 'last_message_id': '762461709314687017', 'id': '699033962491674695'}, {'type': 4, 'position': 4, 'permission_overwrites': [], 'name': 'Bot Testing Grounds', 'id': '726985110611558430'}, {'type': 0, 'topic': None, 'rate_limit_per_user': 0, 'position': 10, 'permission_overwrites': [], 'parent_id': '726985110611558430', 'nsfw': False, 'name': 'zenbot', 'last_message_id': '729596153016090664', 'id': '726985146066272287'}, {'type': 0, 'topic': None, 'rate_limit_per_user': 0, 'position': 11, 'permission_overwrites': [], 'parent_id': '726985110611558430', 'nsfw': False, 'name': 'zenbot_counting', 'last_message_id': '729618553787121664', 'id': '729546121013100574'}, {'type': 0, 'topic': None, 'rate_limit_per_user': 0, 'position': 12, 'permission_overwrites': [], 'parent_id': '726985110611558430', 'nsfw': False, 'name': 'minecraft-link', 'last_message_id': None, 'id': '737197385146695722'}, {'type': 0, 'topic': None, 'rate_limit_per_user': 0, 'position': 2, 'permission_overwrites': [{'type': 'role', 'id': '330818023071940609', 'deny_new': '2048', 'deny': 2048, 'allow_new': '0', 'allow': 0}], 'parent_id': None, 'nsfw': False, 'name': 'rules', 'last_message_id': None, 'id': '743257207373693009'}, {'type': 0, 'topic': None, 'rate_limit_per_user': 0, 'position': 3, 'permission_overwrites': [{'type': 'role', 'id': '330818023071940609', 'deny_new': '1024', 'deny': 1024, 'allow_new': '0', 'allow': 0}], 'parent_id': None, 'nsfw': False, 'name': 'moderator-only', 'last_message_id': '869745273000325180', 'id': '743257207373693010'}, {'type': 0, 'topic': None, 'rate_limit_per_user': 0, 'position': 9, 'permission_overwrites': [], 'parent_id': '699033903993847898', 'nsfw': False, 'name': 'bot-testing', 'last_message_id': None, 'id': '760789341252485170'}, {'type': 4, 'position': 5, 'permission_overwrites': [{'type': 'role', 'id': '330818023071940609', 'deny_new': '1024', 'deny': 1024, 'allow_new': '0', 'allow': 0}], 'name': '<#760789341252485170>', 'id': '760789409003077663'}, {'type': 0, 'topic': None, 'rate_limit_per_user': 0, 'position': 13, 'permission_overwrites': [{'type': 'role', 'id': '330818023071940609', 'deny_new': '1024', 'deny': 1024, 'allow_new': '0', 'allow': 0}], 'parent_id': '760789409003077663', 'nsfw': False, 'name': 'modmail-log', 'last_message_id': None, 'id': '760789409674166302'}, {'user_limit': 0, 'type': 2, 'rtc_region': None, 'position': 1, 'permission_overwrites': [], 'parent_id': '699033903993847898', 'name': 'testing', 'id': '760791327805014026', 'bitrate': 64000}, {'type': 4, 'position': 6, 'permission_overwrites': [], 'name': 'Voice Channels', 'id': '760799999096782869'}, {'user_limit': 0, 'type': 2, 'rtc_region': None, 'position': 2, 'permission_overwrites': [], 'parent_id': '760799999096782869', 'name': 'Join To Create', 'id': '760799999578996736', 'bitrate': 64000}, {'type': 4, 'position': 0, 'permission_overwrites': [{'type': 'role', 'id': '330818023071940609', 'deny_new': '825235473', 'deny': 825235473, 'allow_new': '1024', 'allow': 1024}], 'parent_id': None, 'nsfw': False, 'name': '📊 SERVER STATS 📊', 'id': '762416293823381535'}, {'user_limit': 0, 'type': 2, 'rtc_region': None, 'position': 3, 'permission_overwrites': [{'type': 'role', 'id': '330818023071940609', 'deny_new': '825235473', 'deny': 825235473, 'allow_new': '1024', 'allow': 1024}], 'parent_id': '762416293823381535', 'nsfw': False, 'name': 'All Members: 11', 'id': '762416296990081024', 'bitrate': 64000}, {'user_limit': 0, 'type': 2, 'rtc_region': None, 'position': 4, 'permission_overwrites': [{'type': 'role', 'id': '330818023071940609', 'deny_new': '825235473', 'deny': 825235473, 'allow_new': '1024', 'allow': 1024}], 'parent_id': '762416293823381535', 'nsfw': False, 'name': 'Members: 3', 'id': '762416299510071328', 'bitrate': 64000}, {'user_limit': 0, 'type': 2, 'rtc_region': None, 'position': 5, 'permission_overwrites': [{'type': 'role', 'id': '330818023071940609', 'deny_new': '825235473', 'deny': 825235473, 'allow_new': '1024', 'allow': 1024}], 'parent_id': '762416293823381535', 'nsfw': False, 'name': 'Bots: 8', 'id': '762416302563524618', 'bitrate': 64000}, {'type': 0, 'topic': None, 'rate_limit_per_user': 0, 'position': 0, 'permission_overwrites': [], 'parent_id': None, 'nsfw': False, 'name': 'welcome', 'last_message_id': None, 'id': '870490634870476881'}], 'application_command_count': 51, 'mfa_level': 0, 'presences': [], 'joined_at': '2021-08-05T20:10:12.257470+00:00', 'default_message_notifications': 1, 'public_updates_channel_id': '743257207373693010', 'large': False, 'max_members': 100000, 'member_count': 5}}
2021-08-09 09:43:37,709:DEBUG:discord.client: Dispatching event socket_response
2021-08-09 09:43:37,710:DEBUG:discord.client: Dispatching event guild_available
2021-08-09 09:43:39,714:DEBUG:discord.client: Dispatching event ready
2021-08-09 09:43:39,742:DEBUG:discord.gateway: Sending "{"op":3,"d":{"game":{"type":0,"name":"Jumping","timestamps":{}},"afk":false,"since":0.0,"status":"online"}}" to change status
2021-08-09 09:43:39,742:DEBUG:discord.client: Dispatching event socket_raw_send
2021-08-09 09:43:54,498:DEBUG:discord.client: Dispatching event socket_raw_receive
2021-08-09 09:43:54,499:DEBUG:discord.gateway: For Shard ID None: WebSocket Event: {'t': 'TYPING_START', 's': 3, 'op': 0, 'd': {'user_id': '163890141834772480', 'timestamp': 1628459022, 'member': {'user': {'username': 'Zendata', 'public_flags': 64, 'id': '163890141834772480', 'discriminator': '0002', 'avatar': 'd2676f69ef9fa2360d03fd7693ae5fad'}, 'roles': ['387497094300303373'], 'mute': False, 'joined_at': '2017-07-01T21:12:43.021000+00:00', 'hoisted_role': '387497094300303373', 'deaf': False}, 'channel_id': '330818023071940609', 'guild_id': '330818023071940609'}}
2021-08-09 09:43:54,499:DEBUG:discord.client: Dispatching event socket_response
2021-08-09 09:43:54,499:DEBUG:discord.client: Dispatching event typing
2021-08-09 09:43:55,022:DEBUG:discord.client: Dispatching event socket_raw_receive
2021-08-09 09:43:55,022:DEBUG:discord.gateway: For Shard ID None: WebSocket Event: {'t': 'MESSAGE_CREATE', 's': 4, 'op': 0, 'd': {'type': 0, 'tts': False, 'timestamp': '2021-08-08T21:43:42.923000+00:00', 'referenced_message': None, 'pinned': False, 'nonce': '874045283648929792', 'mentions': [], 'mention_roles': [], 'mention_everyone': False, 'member': {'roles': ['387497094300303373'], 'mute': False, 'joined_at': '2017-07-01T21:12:43.021000+00:00', 'hoisted_role': '387497094300303373', 'deaf': False}, 'id': '874045234680574054', 'flags': 0, 'embeds': [], 'edited_timestamp': None, 'content': 'zb!ping', 'components': [], 'channel_id': '330818023071940609', 'author': {'username': 'Zendata', 'public_flags': 64, 'id': '163890141834772480', 'discriminator': '0002', 'avatar': 'd2676f69ef9fa2360d03fd7693ae5fad'}, 'attachments': [], 'guild_id': '330818023071940609'}}
2021-08-09 09:43:55,022:DEBUG:discord.client: Dispatching event socket_response
2021-08-09 09:43:55,022:DEBUG:discord.client: Dispatching event message
2021-08-09 09:43:55,025:DEBUG:discord.client: Dispatching event command
2021-08-09 09:43:55,349:DEBUG:discord.client: Dispatching event socket_raw_receive
2021-08-09 09:43:55,350:DEBUG:discord.gateway: For Shard ID None: WebSocket Event: {'t': 'MESSAGE_CREATE', 's': 5, 'op': 0, 'd': {'type': 0, 'tts': False, 'timestamp': '2021-08-08T21:43:43.323000+00:00', 'referenced_message': None, 'pinned': False, 'mentions': [], 'mention_roles': [], 'mention_everyone': False, 'member': {'roles': ['872934537896800338'], 'premium_since': None, 'pending': False, 'nick': None, 'mute': False, 'joined_at': '2021-08-05T20:10:12.257470+00:00', 'is_pending': False, 'hoisted_role': None, 'deaf': False, 'avatar': None}, 'id': '874045236358303746', 'flags': 0, 'embeds': [], 'edited_timestamp': None, 'content': 'Pong!', 'components': [], 'channel_id': '330818023071940609', 'author': {'username': 'Zenbot', 'public_flags': 0, 'id': '726960642229010512', 'discriminator': '5572', 'bot': True, 'avatar': 'c0287b23763097bb976a04dd300d8182'}, 'attachments': [], 'guild_id': '330818023071940609'}}
2021-08-09 09:43:55,350:DEBUG:discord.client: Dispatching event socket_response
2021-08-09 09:43:55,350:DEBUG:discord.client: Dispatching event message
2021-08-09 09:43:55,381:DEBUG:discord.http: POST https://discord.com/api/v7/channels/330818023071940609/messages with {"content":"Pong!"} has returned 200
2021-08-09 09:43:55,382:DEBUG:discord.http: POST https://discord.com/api/v7/channels/330818023071940609/messages has received {'id': '874045236358303746', 'type': 0, 'content': 'Pong!', 'channel_id': '330818023071940609', 'author': {'id': '726960642229010512', 'username': 'Zenbot', 'avatar': 'c0287b23763097bb976a04dd300d8182', 'discriminator': '5572', 'public_flags': 0, 'bot': True}, 'attachments': [], 'embeds': [], 'mentions': [], 'mention_roles': [], 'pinned': False, 'mention_everyone': False, 'tts': False, 'timestamp': '2021-08-08T21:43:43.323000+00:00', 'edited_timestamp': None, 'flags': 0, 'components': [], 'referenced_message': None}
2021-08-09 09:43:55,382:DEBUG:discord.client: Dispatching event command_completion
2021-08-09 09:43:58,135:DEBUG:discord.client: Dispatching event socket_raw_receive
2021-08-09 09:43:58,136:DEBUG:discord.gateway: For Shard ID None: WebSocket Event: {'t': 'TYPING_START', 's': 6, 'op': 0, 'd': {'user_id': '163890141834772480', 'timestamp': 1628459026, 'member': {'user': {'username': 'Zendata', 'public_flags': 64, 'id': '163890141834772480', 'discriminator': '0002', 'avatar': 'd2676f69ef9fa2360d03fd7693ae5fad'}, 'roles': ['387497094300303373'], 'mute': False, 'joined_at': '2017-07-01T21:12:43.021000+00:00', 'hoisted_role': '387497094300303373', 'deaf': False}, 'channel_id': '330818023071940609', 'guild_id': '330818023071940609'}}
2021-08-09 09:43:58,136:DEBUG:discord.client: Dispatching event socket_response
2021-08-09 09:43:58,136:DEBUG:discord.client: Dispatching event typing
2021-08-09 09:44:01,997:DEBUG:discord.client: Dispatching event socket_raw_receive
2021-08-09 09:44:01,997:DEBUG:discord.gateway: For Shard ID None: WebSocket Event: {'t': 'MESSAGE_CREATE', 's': 7, 'op': 0, 'd': {'type': 0, 'tts': False, 'timestamp': '2021-08-08T21:43:49.988000+00:00', 'referenced_message': None, 'pinned': False, 'nonce': '874045312971309056', 'mentions': [], 'mention_roles': [], 'mention_everyone': False, 'member': {'roles': ['387497094300303373'], 'mute': False, 'joined_at': '2017-07-01T21:12:43.021000+00:00', 'hoisted_role': '387497094300303373', 'deaf': False}, 'id': '874045264313327626', 'flags': 0, 'embeds': [], 'edited_timestamp': None, 'content': 'zb!changeprefix o', 'components': [], 'channel_id': '330818023071940609', 'author': {'username': 'Zendata', 'public_flags': 64, 'id': '163890141834772480', 'discriminator': '0002', 'avatar': 'd2676f69ef9fa2360d03fd7693ae5fad'}, 'attachments': [], 'guild_id': '330818023071940609'}}
2021-08-09 09:44:01,997:DEBUG:discord.client: Dispatching event socket_response
2021-08-09 09:44:01,998:DEBUG:discord.client: Dispatching event message
2021-08-09 09:44:01,999:DEBUG:discord.client: Dispatching event command
2021-08-09 09:44:02,294:DEBUG:discord.client: Dispatching event socket_raw_receive
2021-08-09 09:44:02,294:DEBUG:discord.gateway: For Shard ID None: WebSocket Event: {'t': 'MESSAGE_CREATE', 's': 8, 'op': 0, 'd': {'type': 0, 'tts': False, 'timestamp': '2021-08-08T21:43:50.303000+00:00', 'referenced_message': None, 'pinned': False, 'mentions': [], 'mention_roles': [], 'mention_everyone': False, 'member': {'roles': ['872934537896800338'], 'premium_since': None, 'pending': False, 'nick': None, 'mute': False, 'joined_at': '2021-08-05T20:10:12.257470+00:00', 'is_pending': False, 'hoisted_role': None, 'deaf': False, 'avatar': None}, 'id': '874045265634549780', 'flags': 0, 'embeds': [], 'edited_timestamp': None, 'content': 'Prefix Changed to: o', 'components': [], 'channel_id': '330818023071940609', 'author': {'username': 'Zenbot', 'public_flags': 0, 'id': '726960642229010512', 'discriminator': '5572', 'bot': True, 'avatar': 'c0287b23763097bb976a04dd300d8182'}, 'attachments': [], 'guild_id': '330818023071940609'}}
2021-08-09 09:44:02,294:DEBUG:discord.client: Dispatching event socket_response
2021-08-09 09:44:02,295:DEBUG:discord.client: Dispatching event message
2021-08-09 09:44:02,299:DEBUG:discord.http: POST https://discord.com/api/v7/channels/330818023071940609/messages with {"content":"Prefix Changed to: o"} has returned 200
2021-08-09 09:44:02,299:DEBUG:discord.http: POST https://discord.com/api/v7/channels/330818023071940609/messages has received {'id': '874045265634549780', 'type': 0, 'content': 'Prefix Changed to: o', 'channel_id': '330818023071940609', 'author': {'id': '726960642229010512', 'username': 'Zenbot', 'avatar': 'c0287b23763097bb976a04dd300d8182', 'discriminator': '5572', 'public_flags': 0, 'bot': True}, 'attachments': [], 'embeds': [], 'mentions': [], 'mention_roles': [], 'pinned': False, 'mention_everyone': False, 'tts': False, 'timestamp': '2021-08-08T21:43:50.303000+00:00', 'edited_timestamp': None, 'flags': 0, 'components': [], 'referenced_message': None}
2021-08-09 09:44:02,300:DEBUG:discord.client: Dispatching event command_completion
2021-08-09 09:44:06,041:DEBUG:discord.client: Dispatching event socket_raw_receive
2021-08-09 09:44:06,041:DEBUG:discord.gateway: For Shard ID None: WebSocket Event: {'t': 'TYPING_START', 's': 9, 'op': 0, 'd': {'user_id': '163890141834772480', 'timestamp': 1628459033, 'member': {'user': {'username': 'Zendata', 'public_flags': 64, 'id': '163890141834772480', 'discriminator': '0002', 'avatar': 'd2676f69ef9fa2360d03fd7693ae5fad'}, 'roles': ['387497094300303373'], 'mute': False, 'joined_at': '2017-07-01T21:12:43.021000+00:00', 'hoisted_role': '387497094300303373', 'deaf': False}, 'channel_id': '330818023071940609', 'guild_id': '330818023071940609'}}
2021-08-09 09:44:06,041:DEBUG:discord.client: Dispatching event socket_response
2021-08-09 09:44:06,042:DEBUG:discord.client: Dispatching event typing
2021-08-09 09:44:12,709:DEBUG:discord.client: Dispatching event socket_raw_receive
2021-08-09 09:44:12,710:DEBUG:discord.gateway: For Shard ID None: WebSocket Event: {'t': 'MESSAGE_CREATE', 's': 10, 'op': 0, 'd': {'type': 0, 'tts': False, 'timestamp': '2021-08-08T21:44:00.724000+00:00', 'referenced_message': None, 'pinned': False, 'nonce': '874045358286569472', 'mentions': [], 'mention_roles': [], 'mention_everyone': False, 'member': {'roles': ['387497094300303373'], 'mute': False, 'joined_at': '2017-07-01T21:12:43.021000+00:00', 'hoisted_role': '387497094300303373', 'deaf': False}, 'id': '874045309343395890', 'flags': 0, 'embeds': [], 'edited_timestamp': None, 'content': 'ochangeprefix zb!', 'components': [], 'channel_id': '330818023071940609', 'author': {'username': 'Zendata', 'public_flags': 64, 'id': '163890141834772480', 'discriminator': '0002', 'avatar': 'd2676f69ef9fa2360d03fd7693ae5fad'}, 'attachments': [], 'guild_id': '330818023071940609'}}
2021-08-09 09:44:12,710:DEBUG:discord.client: Dispatching event socket_response
2021-08-09 09:44:12,710:DEBUG:discord.client: Dispatching event message
2021-08-09 09:44:12,719:DEBUG:discord.client: Dispatching event command
2021-08-09 09:44:13,082:DEBUG:discord.client: Dispatching event socket_raw_receive
2021-08-09 09:44:13,083:DEBUG:discord.gateway: For Shard ID None: WebSocket Event: {'t': 'MESSAGE_CREATE', 's': 11, 'op': 0, 'd': {'type': 0, 'tts': False, 'timestamp': '2021-08-08T21:44:01.040000+00:00', 'referenced_message': None, 'pinned': False, 'mentions': [], 'mention_roles': [], 'mention_everyone': False, 'member': {'roles': ['872934537896800338'], 'premium_since': None, 'pending': False, 'nick': None, 'mute': False, 'joined_at': '2021-08-05T20:10:12.257470+00:00', 'is_pending': False, 'hoisted_role': None, 'deaf': False, 'avatar': None}, 'id': '874045310668775424', 'flags': 0, 'embeds': [], 'edited_timestamp': None, 'content': 'Prefix Changed to: zb!', 'components': [], 'channel_id': '330818023071940609', 'author': {'username': 'Zenbot', 'public_flags': 0, 'id': '726960642229010512', 'discriminator': '5572', 'bot': True, 'avatar': 'c0287b23763097bb976a04dd300d8182'}, 'attachments': [], 'guild_id': '330818023071940609'}}
2021-08-09 09:44:13,083:DEBUG:discord.client: Dispatching event socket_response
2021-08-09 09:44:13,083:DEBUG:discord.client: Dispatching event message
2021-08-09 09:44:13,085:DEBUG:discord.http: POST https://discord.com/api/v7/channels/330818023071940609/messages with {"content":"Prefix Changed to: zb!"} has returned 200
2021-08-09 09:44:13,085:DEBUG:discord.http: POST https://discord.com/api/v7/channels/330818023071940609/messages has received {'id': '874045310668775424', 'type': 0, 'content': 'Prefix Changed to: zb!', 'channel_id': '330818023071940609', 'author': {'id': '726960642229010512', 'username': 'Zenbot', 'avatar': 'c0287b23763097bb976a04dd300d8182', 'discriminator': '5572', 'public_flags': 0, 'bot': True}, 'attachments': [], 'embeds': [], 'mentions': [], 'mention_roles': [], 'pinned': False, 'mention_everyone': False, 'tts': False, 'timestamp': '2021-08-08T21:44:01.040000+00:00', 'edited_timestamp': None, 'flags': 0, 'components': [], 'referenced_message': None}
2021-08-09 09:44:13,085:DEBUG:discord.client: Dispatching event command_completion
2021-08-09 09:44:18,618:DEBUG:discord.gateway: Keeping shard ID None websocket alive with sequence 11.
2021-08-09 09:44:18,939:DEBUG:discord.client: Dispatching event socket_raw_receive
2021-08-09 09:44:18,940:DEBUG:discord.gateway: For Shard ID None: WebSocket Event: {'t': None, 's': None, 'op': 11, 'd': None}
2021-08-09 09:44:18,940:DEBUG:discord.client: Dispatching event socket_response
2021-08-09 09:44:59,876:DEBUG:discord.gateway: Keeping shard ID None websocket alive with sequence 11.
2021-08-09 09:45:00,206:DEBUG:discord.client: Dispatching event socket_raw_receive
2021-08-09 09:45:00,206:DEBUG:discord.gateway: For Shard ID None: WebSocket Event: {'t': None, 's': None, 'op': 11, 'd': None}
2021-08-09 09:45:00,206:DEBUG:discord.client: Dispatching event socket_response
2021-08-09 09:45:41,139:DEBUG:discord.gateway: Keeping shard ID None websocket alive with sequence 11.
2021-08-09 09:45:41,385:DEBUG:discord.client: Dispatching event socket_raw_receive
2021-08-09 09:45:41,385:DEBUG:discord.gateway: For Shard ID None: WebSocket Event: {'t': None, 's': None, 'op': 11, 'd': None}
2021-08-09 09:45:41,385:DEBUG:discord.client: Dispatching event socket_response
2021-08-09 09:46:22,392:DEBUG:discord.gateway: Keeping shard ID None websocket alive with sequence 11.
2021-08-09 09:46:22,829:DEBUG:discord.client: Dispatching event socket_raw_receive
2021-08-09 09:46:22,829:DEBUG:discord.gateway: For Shard ID None: WebSocket Event: {'t': None, 's': None, 'op': 11, 'd': None}
2021-08-09 09:46:22,829:DEBUG:discord.client: Dispatching event socket_response
2021-08-09 09:47:03,655:DEBUG:discord.gateway: Keeping shard ID None websocket alive with sequence 11.
2021-08-09 09:47:03,901:DEBUG:discord.client: Dispatching event socket_raw_receive
2021-08-09 09:47:03,901:DEBUG:discord.gateway: For Shard ID None: WebSocket Event: {'t': None, 's': None, 'op': 11, 'd': None}
2021-08-09 09:47:03,901:DEBUG:discord.client: Dispatching event socket_response
2021-08-09 09:47:23,728:DEBUG:discord.gateway: Received WSMessage(type=<WSMsgType.CLOSED: 257>, data=None, extra=None)
2021-08-09 09:47:23,729:INFO:discord.gateway: Websocket closed with 1006, attempting a reconnect.
2021-08-09 09:47:23,729:INFO:discord.client: Got a request to RESUME the websocket.
2021-08-09 09:47:23,729:DEBUG:discord.client: Dispatching event disconnect
2021-08-09 09:47:23,733:DEBUG:discord.client: Dispatching event disconnect
2021-08-09 09:47:23,733:ERROR:discord.client: Attempting a reconnect in 0.08s
Traceback (most recent call last):
  File "C:\Users\luxon\AppData\Local\Programs\Python\Python39\lib\site-packages\aiohttp\connector.py", line 999, in _create_direct_connection
    hosts = await asyncio.shield(host_resolved)
  File "C:\Users\luxon\AppData\Local\Programs\Python\Python39\lib\site-packages\aiohttp\connector.py", line 865, in _resolve_host
    addrs = await self._resolver.resolve(host, port, family=self._family)
  File "C:\Users\luxon\AppData\Local\Programs\Python\Python39\lib\site-packages\aiohttp\resolver.py", line 31, in resolve
    infos = await self._loop.getaddrinfo(
  File "C:\Users\luxon\AppData\Local\Programs\Python\Python39\lib\asyncio\base_events.py", line 856, in getaddrinfo
    return await self.run_in_executor(
  File "C:\Users\luxon\AppData\Local\Programs\Python\Python39\lib\concurrent\futures\thread.py", line 52, in run
    result = self.fn(*self.args, **self.kwargs)
  File "C:\Users\luxon\AppData\Local\Programs\Python\Python39\lib\socket.py", line 953, in getaddrinfo
    for res in _socket.getaddrinfo(host, port, family, type, proto, flags):
socket.gaierror: [Errno 11004] getaddrinfo failed

The above exception was the direct cause of the following exception:

Traceback (most recent call last):
  File "C:\Users\luxon\AppData\Local\Programs\Python\Python39\lib\site-packages\discord\client.py", line 563, in connect
    self.ws = await asyncio.wait_for(coro, timeout=60.0)
  File "C:\Users\luxon\AppData\Local\Programs\Python\Python39\lib\asyncio\tasks.py", line 481, in wait_for
    return fut.result()
  File "C:\Users\luxon\AppData\Local\Programs\Python\Python39\lib\site-packages\discord\gateway.py", line 305, in from_client
    gateway = gateway or await client.http.get_gateway()
  File "C:\Users\luxon\AppData\Local\Programs\Python\Python39\lib\site-packages\discord\http.py", line 967, in get_gateway
    data = await self.request(Route('GET', '/gateway'))
  File "C:\Users\luxon\AppData\Local\Programs\Python\Python39\lib\site-packages\discord\http.py", line 192, in request
    async with self.__session.request(method, url, **kwargs) as r:
  File "C:\Users\luxon\AppData\Local\Programs\Python\Python39\lib\site-packages\aiohttp\client.py", line 1117, in __aenter__
    self._resp = await self._coro
  File "C:\Users\luxon\AppData\Local\Programs\Python\Python39\lib\site-packages\aiohttp\client.py", line 520, in _request
    conn = await self._connector.connect(
  File "C:\Users\luxon\AppData\Local\Programs\Python\Python39\lib\site-packages\aiohttp\connector.py", line 535, in connect
    proto = await self._create_connection(req, traces, timeout)
  File "C:\Users\luxon\AppData\Local\Programs\Python\Python39\lib\site-packages\aiohttp\connector.py", line 892, in _create_connection
    _, proto = await self._create_direct_connection(req, traces, timeout)
  File "C:\Users\luxon\AppData\Local\Programs\Python\Python39\lib\site-packages\aiohttp\connector.py", line 1011, in _create_direct_connection
    raise ClientConnectorError(req.connection_key, exc) from exc
aiohttp.client_exceptions.ClientConnectorError: Cannot connect to host discord.com:443 ssl:default [getaddrinfo failed]
2021-08-09 09:47:24,317:DEBUG:discord.http: GET https://discord.com/api/v7/gateway with None has returned 200
2021-08-09 09:47:24,317:DEBUG:discord.http: GET https://discord.com/api/v7/gateway has received {'url': 'wss://gateway.discord.gg'}
2021-08-09 09:47:24,773:DEBUG:discord.gateway: Created websocket connected to wss://gateway.discord.gg?encoding=json&v=6&compress=zlib-stream
2021-08-09 09:47:24,774:DEBUG:discord.client: Dispatching event socket_raw_receive
2021-08-09 09:47:24,774:DEBUG:discord.gateway: For Shard ID None: WebSocket Event: {'t': None, 's': None, 'op': 10, 'd': {'heartbeat_interval': 41250, '_trace': ['["gateway-prd-main-d39h",{"micros":0.0}]']}}
2021-08-09 09:47:24,774:DEBUG:discord.client: Dispatching event socket_response
2021-08-09 09:47:24,774:DEBUG:discord.client: Dispatching event socket_raw_send
2021-08-09 09:47:24,776:DEBUG:discord.client: Dispatching event socket_raw_send
2021-08-09 09:47:24,776:INFO:discord.gateway: Shard ID None has sent the RESUME payload.
2021-08-09 09:47:25,030:DEBUG:discord.client: Dispatching event socket_raw_receive
2021-08-09 09:47:25,030:DEBUG:discord.gateway: For Shard ID None: WebSocket Event: {'t': None, 's': None, 'op': 11, 'd': None}
2021-08-09 09:47:25,031:DEBUG:discord.client: Dispatching event socket_response
2021-08-09 09:47:25,036:DEBUG:discord.client: Dispatching event socket_raw_receive
2021-08-09 09:47:25,036:DEBUG:discord.gateway: For Shard ID None: WebSocket Event: {'t': 'RESUMED', 's': 12, 'op': 0, 'd': {'_trace': ['["gateway-prd-main-d39h",{"micros":1124,"calls":["discord-sessions-green-prd-2-65",{"micros":24}]}]']}}
2021-08-09 09:47:25,037:DEBUG:discord.client: Dispatching event socket_response
2021-08-09 09:47:25,037:INFO:discord.gateway: Shard ID None has successfully RESUMED session 3393b19fb2a9561a68c01dcb3db9c744 under trace ["gateway-prd-main-d39h",{"micros":1124,"calls":["discord-sessions-green-prd-2-65",{"micros":24}]}].
2021-08-09 09:47:25,037:DEBUG:discord.client: Dispatching event resumed
2021-08-09 09:48:06,040:DEBUG:discord.gateway: Keeping shard ID None websocket alive with sequence 12.
2021-08-09 09:48:06,325:DEBUG:discord.client: Dispatching event socket_raw_receive
2021-08-09 09:48:06,325:DEBUG:discord.gateway: For Shard ID None: WebSocket Event: {'t': None, 's': None, 'op': 11, 'd': None}
2021-08-09 09:48:06,325:DEBUG:discord.client: Dispatching event socket_response
2021-08-09 09:48:47,301:DEBUG:discord.gateway: Keeping shard ID None websocket alive with sequence 12.
2021-08-09 09:48:47,594:DEBUG:discord.client: Dispatching event socket_raw_receive
2021-08-09 09:48:47,594:DEBUG:discord.gateway: For Shard ID None: WebSocket Event: {'t': None, 's': None, 'op': 11, 'd': None}
2021-08-09 09:48:47,594:DEBUG:discord.client: Dispatching event socket_response
2021-08-09 09:49:28,562:DEBUG:discord.gateway: Keeping shard ID None websocket alive with sequence 12.
2021-08-09 09:49:28,937:DEBUG:discord.client: Dispatching event socket_raw_receive
2021-08-09 09:49:28,938:DEBUG:discord.gateway: For Shard ID None: WebSocket Event: {'t': None, 's': None, 'op': 11, 'd': None}
2021-08-09 09:49:28,938:DEBUG:discord.client: Dispatching event socket_response
2021-08-09 09:50:09,828:DEBUG:discord.gateway: Keeping shard ID None websocket alive with sequence 12.
2021-08-09 09:50:10,132:DEBUG:discord.client: Dispatching event socket_raw_receive
2021-08-09 09:50:10,133:DEBUG:discord.gateway: For Shard ID None: WebSocket Event: {'t': None, 's': None, 'op': 11, 'd': None}
2021-08-09 09:50:10,133:DEBUG:discord.client: Dispatching event socket_response
2021-08-09 09:50:51,087:DEBUG:discord.gateway: Keeping shard ID None websocket alive with sequence 12.
2021-08-09 09:50:51,402:DEBUG:discord.client: Dispatching event socket_raw_receive
2021-08-09 09:50:51,402:DEBUG:discord.gateway: For Shard ID None: WebSocket Event: {'t': None, 's': None, 'op': 11, 'd': None}
2021-08-09 09:50:51,402:DEBUG:discord.client: Dispatching event socket_response
2021-08-09 09:51:32,347:DEBUG:discord.gateway: Keeping shard ID None websocket alive with sequence 12.
2021-08-09 09:51:32,654:DEBUG:discord.client: Dispatching event socket_raw_receive
2021-08-09 09:51:32,654:DEBUG:discord.gateway: For Shard ID None: WebSocket Event: {'t': None, 's': None, 'op': 11, 'd': None}
2021-08-09 09:51:32,654:DEBUG:discord.client: Dispatching event socket_response
2021-08-09 09:52:13,605:DEBUG:discord.gateway: Keeping shard ID None websocket alive with sequence 12.
2021-08-09 09:52:13,941:DEBUG:discord.client: Dispatching event socket_raw_receive
2021-08-09 09:52:13,941:DEBUG:discord.gateway: For Shard ID None: WebSocket Event: {'t': None, 's': None, 'op': 11, 'd': None}
2021-08-09 09:52:13,941:DEBUG:discord.client: Dispatching event socket_response
2021-08-09 09:52:54,865:DEBUG:discord.gateway: Keeping shard ID None websocket alive with sequence 12.
2021-08-09 09:52:55,210:DEBUG:discord.client: Dispatching event socket_raw_receive
2021-08-09 09:52:55,210:DEBUG:discord.gateway: For Shard ID None: WebSocket Event: {'t': None, 's': None, 'op': 11, 'd': None}
2021-08-09 09:52:55,210:DEBUG:discord.client: Dispatching event socket_response
2021-08-09 09:53:36,122:DEBUG:discord.gateway: Keeping shard ID None websocket alive with sequence 12.
2021-08-09 09:53:36,395:DEBUG:discord.client: Dispatching event socket_raw_receive
2021-08-09 09:53:36,395:DEBUG:discord.gateway: For Shard ID None: WebSocket Event: {'t': None, 's': None, 'op': 11, 'd': None}
2021-08-09 09:53:36,395:DEBUG:discord.client: Dispatching event socket_response
2021-08-09 09:54:17,381:DEBUG:discord.gateway: Keeping shard ID None websocket alive with sequence 12.
2021-08-09 09:54:17,684:DEBUG:discord.client: Dispatching event socket_raw_receive
2021-08-09 09:54:17,685:DEBUG:discord.gateway: For Shard ID None: WebSocket Event: {'t': None, 's': None, 'op': 11, 'd': None}
2021-08-09 09:54:17,685:DEBUG:discord.client: Dispatching event socket_response
2021-08-09 09:54:58,636:DEBUG:discord.gateway: Keeping shard ID None websocket alive with sequence 12.
2021-08-09 09:54:58,916:DEBUG:discord.client: Dispatching event socket_raw_receive
2021-08-09 09:54:58,916:DEBUG:discord.gateway: For Shard ID None: WebSocket Event: {'t': None, 's': None, 'op': 11, 'd': None}
2021-08-09 09:54:58,916:DEBUG:discord.client: Dispatching event socket_response
2021-08-09 09:55:39,898:DEBUG:discord.gateway: Keeping shard ID None websocket alive with sequence 12.
2021-08-09 09:55:40,187:DEBUG:discord.client: Dispatching event socket_raw_receive
2021-08-09 09:55:40,187:DEBUG:discord.gateway: For Shard ID None: WebSocket Event: {'t': None, 's': None, 'op': 11, 'd': None}
2021-08-09 09:55:40,187:DEBUG:discord.client: Dispatching event socket_response
2021-08-09 09:56:21,154:DEBUG:discord.gateway: Keeping shard ID None websocket alive with sequence 12.
2021-08-09 09:56:21,454:DEBUG:discord.client: Dispatching event socket_raw_receive
2021-08-09 09:56:21,455:DEBUG:discord.gateway: For Shard ID None: WebSocket Event: {'t': None, 's': None, 'op': 11, 'd': None}
2021-08-09 09:56:21,455:DEBUG:discord.client: Dispatching event socket_response
2021-08-09 09:57:02,407:DEBUG:discord.gateway: Keeping shard ID None websocket alive with sequence 12.
2021-08-09 09:57:02,724:DEBUG:discord.client: Dispatching event socket_raw_receive
2021-08-09 09:57:02,724:DEBUG:discord.gateway: For Shard ID None: WebSocket Event: {'t': None, 's': None, 'op': 11, 'd': None}
2021-08-09 09:57:02,724:DEBUG:discord.client: Dispatching event socket_response
2021-08-09 09:57:43,670:DEBUG:discord.gateway: Keeping shard ID None websocket alive with sequence 12.
2021-08-09 09:57:44,095:DEBUG:discord.client: Dispatching event socket_raw_receive
2021-08-09 09:57:44,096:DEBUG:discord.gateway: For Shard ID None: WebSocket Event: {'t': None, 's': None, 'op': 11, 'd': None}
2021-08-09 09:57:44,096:DEBUG:discord.client: Dispatching event socket_response
2021-08-09 09:58:24,921:DEBUG:discord.gateway: Keeping shard ID None websocket alive with sequence 12.
2021-08-09 09:58:25,177:DEBUG:discord.client: Dispatching event socket_raw_receive
2021-08-09 09:58:25,177:DEBUG:discord.gateway: For Shard ID None: WebSocket Event: {'t': None, 's': None, 'op': 11, 'd': None}
2021-08-09 09:58:25,177:DEBUG:discord.client: Dispatching event socket_response
2021-08-09 09:59:06,179:DEBUG:discord.gateway: Keeping shard ID None websocket alive with sequence 12.
2021-08-09 09:59:06,456:DEBUG:discord.client: Dispatching event socket_raw_receive
2021-08-09 09:59:06,456:DEBUG:discord.gateway: For Shard ID None: WebSocket Event: {'t': None, 's': None, 'op': 11, 'd': None}
2021-08-09 09:59:06,456:DEBUG:discord.client: Dispatching event socket_response
